[2025-03-25T20:37:43.268+07:00][info][[NodeJS Course Service]] {"message":"🚀 Server is running on http://localhost:5000"}
[2025-03-25T20:37:43.282+07:00][info][[NodeJS Course Service]] {"message":"✅ MongoDB Connected"}
[2025-03-25T20:40:29.767+07:00][error][[NodeJS Course Service]] {"message":"ENOENT: no such file or directory, unlink 'C:\\Users\\huuti\\Desktop\\nodejs\\nodejs-course\\Buổi 6\\file-manager\\server\\uploads\\1742718551112-z6432791195278_2d924892155ebdee428725db7b09103b.jpg' - DELETE /api/files/file/67dfc65729ef55199c919d01 - ::1"}
[2025-03-25T20:59:20.444+07:00][info][[NodeJS Course Service]] {"message":"🚀 Server is running on http://localhost:5000"}
[2025-03-25T20:59:20.457+07:00][info][[NodeJS Course Service]] {"message":"✅ MongoDB Connected"}
[2025-03-25T21:02:50.347+07:00][info][[NodeJS Course Service]] {"message":"🚀 Server is running on http://localhost:5000"}
[2025-03-25T21:02:50.363+07:00][info][[NodeJS Course Service]] {"message":"✅ MongoDB Connected"}
[2025-03-25T21:03:04.676+07:00][info][[NodeJS Course Service]] {"message":"🚀 Server is running on http://localhost:5000"}
[2025-03-25T21:03:04.686+07:00][info][[NodeJS Course Service]] {"message":"✅ MongoDB Connected"}
[2025-03-25T21:03:20.849+07:00][info][[NodeJS Course Service]] {"message":"websocket opening port 3000"}
[2025-03-25T21:03:20.852+07:00][info][[NodeJS Course Service]] {"message":"🚀 Server is running on http://localhost:5000"}
[2025-03-25T21:03:20.863+07:00][info][[NodeJS Course Service]] {"message":"✅ MongoDB Connected"}
[2025-03-25T21:03:29.013+07:00][info][[NodeJS Course Service]] {"message":"websocket opening port 3000"}
[2025-03-25T21:03:29.015+07:00][info][[NodeJS Course Service]] {"message":"🚀 Server is running on http://localhost:5000"}
[2025-03-25T21:03:29.025+07:00][info][[NodeJS Course Service]] {"message":"✅ MongoDB Connected"}
[2025-03-25T21:03:37.242+07:00][info][[NodeJS Course Service]] {"message":"Websocket opening port 3000"}
[2025-03-25T21:03:37.244+07:00][info][[NodeJS Course Service]] {"message":"🚀 Server is running on http://localhost:5000"}
[2025-03-25T21:03:37.259+07:00][info][[NodeJS Course Service]] {"message":"✅ MongoDB Connected"}
[2025-03-25T21:10:15.753+07:00][info][[NodeJS Course Service]] {"message":"Websocket opening port 3000"}
[2025-03-25T21:10:15.756+07:00][info][[NodeJS Course Service]] {"message":"🚀 Server is running on http://localhost:5000"}
[2025-03-25T21:10:15.773+07:00][info][[NodeJS Course Service]] {"message":"✅ MongoDB Connected"}
[2025-03-25T21:11:08.959+07:00][info][[NodeJS Course Service]] {"message":"Websocket opening port 3000"}
[2025-03-25T21:11:08.961+07:00][info][[NodeJS Course Service]] {"message":"🚀 Server is running on http://localhost:5000"}
[2025-03-25T21:11:08.974+07:00][info][[NodeJS Course Service]] {"message":"✅ MongoDB Connected"}
[2025-03-25T21:11:30.451+07:00][info][[NodeJS Course Service]] {"message":"Websocket opening port 3000"}
[2025-03-25T21:11:30.453+07:00][info][[NodeJS Course Service]] {"message":"🚀 Server is running on http://localhost:5000"}
[2025-03-25T21:11:30.462+07:00][info][[NodeJS Course Service]] {"message":"✅ MongoDB Connected"}
[2025-03-25T21:11:43.838+07:00][info][[NodeJS Course Service]] {"message":"Websocket opening port 3000"}
[2025-03-25T21:11:43.841+07:00][info][[NodeJS Course Service]] {"message":"🚀 Server is running on http://localhost:5000"}
[2025-03-25T21:11:43.857+07:00][info][[NodeJS Course Service]] {"message":"✅ MongoDB Connected"}
[2025-03-25T21:14:19.277+07:00][info][[NodeJS Course Service]] {"message":"Websocket opening port 3000"}
[2025-03-25T21:14:19.279+07:00][info][[NodeJS Course Service]] {"message":"🚀 Server is running on http://localhost:5000"}
[2025-03-25T21:14:19.289+07:00][info][[NodeJS Course Service]] {"message":"✅ MongoDB Connected"}
[2025-03-25T21:18:04.397+07:00][info][[NodeJS Course Service]] {"message":"Websocket opening port 3000"}
[2025-03-25T21:18:04.400+07:00][info][[NodeJS Course Service]] {"message":"🚀 Server is running on http://localhost:5000"}
[2025-03-25T21:18:04.412+07:00][info][[NodeJS Course Service]] {"message":"✅ MongoDB Connected"}
[2025-03-25T21:19:08.629+07:00][info][[NodeJS Course Service]] {"message":"Websocket opening port 3000"}
[2025-03-25T21:19:08.631+07:00][info][[NodeJS Course Service]] {"message":"🚀 Server is running on http://localhost:5000"}
[2025-03-25T21:19:08.653+07:00][info][[NodeJS Course Service]] {"message":"✅ MongoDB Connected"}
[2025-03-25T21:19:52.251+07:00][info][[NodeJS Course Service]] {"message":"Websocket opening port 3000"}
[2025-03-25T21:19:52.253+07:00][info][[NodeJS Course Service]] {"message":"🚀 Server is running on http://localhost:5000"}
[2025-03-25T21:19:52.265+07:00][info][[NodeJS Course Service]] {"message":"✅ MongoDB Connected"}
[2025-03-25T21:20:05.943+07:00][info][[NodeJS Course Service]] {"message":"Websocket opening port 3000"}
[2025-03-25T21:20:05.946+07:00][info][[NodeJS Course Service]] {"message":"🚀 Server is running on http://localhost:5000"}
[2025-03-25T21:20:05.956+07:00][info][[NodeJS Course Service]] {"message":"✅ MongoDB Connected"}
[2025-03-25T21:20:38.330+07:00][info][[NodeJS Course Service]] {"message":"Websocket opening port 3000"}
[2025-03-25T21:20:38.333+07:00][info][[NodeJS Course Service]] {"message":"🚀 Server is running on http://localhost:5000"}
[2025-03-25T21:20:38.343+07:00][info][[NodeJS Course Service]] {"message":"✅ MongoDB Connected"}
[2025-03-25T21:26:15.826+07:00][info][[NodeJS Course Service]] {"message":"Websocket opening port 3000"}
[2025-03-25T21:26:15.829+07:00][info][[NodeJS Course Service]] {"message":"🚀 Server is running on http://localhost:5000"}
[2025-03-25T21:26:15.844+07:00][info][[NodeJS Course Service]] {"message":"✅ MongoDB Connected"}
[2025-03-25T21:28:18.281+07:00][info][[NodeJS Course Service]] {"message":"Websocket opening port 3000"}
[2025-03-25T21:28:18.287+07:00][info][[NodeJS Course Service]] {"message":"🚀 Server is running on http://localhost:5000"}
[2025-03-25T21:28:18.299+07:00][info][[NodeJS Course Service]] {"message":"✅ MongoDB Connected"}
[2025-03-25T21:28:52.633+07:00][info][[NodeJS Course Service]] {"message":"Websocket opening port 3000"}
[2025-03-25T21:28:52.641+07:00][info][[NodeJS Course Service]] {"message":"🚀 Server is running on http://localhost:5000"}
[2025-03-25T21:28:52.652+07:00][info][[NodeJS Course Service]] {"message":"✅ MongoDB Connected"}
[2025-03-25T21:33:04.874+07:00][info][[NodeJS Course Service]] {"message":"Websocket opening port 3000"}
[2025-03-25T21:33:04.883+07:00][info][[NodeJS Course Service]] {"message":"🚀 Server is running on http://localhost:5000"}
[2025-03-25T21:33:04.895+07:00][info][[NodeJS Course Service]] {"message":"✅ MongoDB Connected"}
[2025-03-25T21:33:12.599+07:00][info][[NodeJS Course Service]] {"message":"Websocket opening port 3000"}
[2025-03-25T21:33:12.602+07:00][info][[NodeJS Course Service]] {"message":"🚀 Server is running on http://localhost:5000"}
[2025-03-25T21:33:12.623+07:00][info][[NodeJS Course Service]] {"message":"✅ MongoDB Connected"}
[2025-03-25T21:34:58.457+07:00][info][[NodeJS Course Service]] {"message":"Websocket opening port 3000"}
[2025-03-25T21:34:58.459+07:00][info][[NodeJS Course Service]] {"message":"🚀 Server is running on http://localhost:5000"}
[2025-03-25T21:34:58.478+07:00][info][[NodeJS Course Service]] {"message":"✅ MongoDB Connected"}
[2025-03-25T21:36:23.880+07:00][info][[NodeJS Course Service]] {"message":"Websocket opening port 3000"}
[2025-03-25T21:36:23.883+07:00][info][[NodeJS Course Service]] {"message":"🚀 Server is running on http://localhost:5000"}
[2025-03-25T21:36:23.899+07:00][info][[NodeJS Course Service]] {"message":"✅ MongoDB Connected"}
[2025-03-25T21:36:33.656+07:00][info][[NodeJS Course Service]] {"message":"Websocket opening port 3000"}
[2025-03-25T21:36:33.658+07:00][info][[NodeJS Course Service]] {"message":"🚀 Server is running on http://localhost:5000"}
[2025-03-25T21:36:33.666+07:00][info][[NodeJS Course Service]] {"message":"✅ MongoDB Connected"}
[2025-03-25T21:36:42.290+07:00][info][[NodeJS Course Service]] {"message":"Websocket opening port 3000"}
[2025-03-25T21:36:42.292+07:00][info][[NodeJS Course Service]] {"message":"🚀 Server is running on http://localhost:5000"}
[2025-03-25T21:36:42.303+07:00][info][[NodeJS Course Service]] {"message":"✅ MongoDB Connected"}
[2025-03-25T21:36:50.234+07:00][info][[NodeJS Course Service]] {"message":"Websocket opening port 3000"}
[2025-03-25T21:36:50.242+07:00][info][[NodeJS Course Service]] {"message":"🚀 Server is running on http://localhost:5000"}
[2025-03-25T21:36:50.280+07:00][info][[NodeJS Course Service]] {"message":"✅ MongoDB Connected"}
[2025-03-25T21:38:01.630+07:00][info][[NodeJS Course Service]] {"message":"Websocket opening port 3000"}
[2025-03-25T21:38:01.632+07:00][info][[NodeJS Course Service]] {"message":"🚀 Server is running on http://localhost:5000"}
[2025-03-25T21:38:01.643+07:00][info][[NodeJS Course Service]] {"message":"✅ MongoDB Connected"}
[2025-03-25T21:40:20.161+07:00][info][[NodeJS Course Service]] {"message":"Websocket opening port 3000"}
[2025-03-25T21:40:20.163+07:00][info][[NodeJS Course Service]] {"message":"🚀 Server is running on http://localhost:5000"}
[2025-03-25T21:40:20.174+07:00][info][[NodeJS Course Service]] {"message":"✅ MongoDB Connected"}
[2025-03-25T21:41:24.703+07:00][info][[NodeJS Course Service]] {"message":"Websocket opening port 3000"}
[2025-03-25T21:41:24.706+07:00][info][[NodeJS Course Service]] {"message":"🚀 Server is running on http://localhost:5000"}
[2025-03-25T21:41:24.724+07:00][info][[NodeJS Course Service]] {"message":"✅ MongoDB Connected"}
[2025-03-25T21:42:58.344+07:00][info][[NodeJS Course Service]] {"message":"Websocket opening port 3000"}
[2025-03-25T21:42:58.346+07:00][info][[NodeJS Course Service]] {"message":"🚀 Server is running on http://localhost:5000"}
[2025-03-25T21:42:58.355+07:00][info][[NodeJS Course Service]] {"message":"✅ MongoDB Connected"}
[2025-03-25T21:43:16.675+07:00][info][[NodeJS Course Service]] {"message":"Websocket opening port 3000"}
[2025-03-25T21:43:16.677+07:00][info][[NodeJS Course Service]] {"message":"🚀 Server is running on http://localhost:5000"}
[2025-03-25T21:43:16.685+07:00][info][[NodeJS Course Service]] {"message":"✅ MongoDB Connected"}
[2025-03-25T21:44:28.880+07:00][info][[NodeJS Course Service]] {"message":"Websocket opening port 3000"}
[2025-03-25T21:44:28.882+07:00][info][[NodeJS Course Service]] {"message":"🚀 Server is running on http://localhost:5000"}
[2025-03-25T21:44:28.890+07:00][info][[NodeJS Course Service]] {"message":"✅ MongoDB Connected"}
[2025-03-25T21:48:12.678+07:00][info][[NodeJS Course Service]] {"message":"Websocket opening port 3000"}
[2025-03-25T21:48:12.680+07:00][info][[NodeJS Course Service]] {"message":"🚀 Server is running on http://localhost:5000"}
[2025-03-25T21:48:12.689+07:00][info][[NodeJS Course Service]] {"message":"✅ MongoDB Connected"}
[2025-03-25T21:48:31.683+07:00][info][[NodeJS Course Service]] {"message":"Websocket opening port 3000"}
[2025-03-25T21:48:31.685+07:00][info][[NodeJS Course Service]] {"message":"🚀 Server is running on http://localhost:5000"}
[2025-03-25T21:48:31.696+07:00][info][[NodeJS Course Service]] {"message":"✅ MongoDB Connected"}
[2025-03-25T21:52:33.175+07:00][info][[NodeJS Course Service]] {"message":"Websocket opening port 3000"}
[2025-03-25T21:52:33.177+07:00][info][[NodeJS Course Service]] {"message":"🚀 Server is running on http://localhost:5000"}
[2025-03-25T21:52:33.186+07:00][info][[NodeJS Course Service]] {"message":"✅ MongoDB Connected"}
[2025-03-25T21:54:57.226+07:00][info][[NodeJS Course Service]] {"message":"Websocket opening port 3000"}
[2025-03-25T21:54:57.228+07:00][info][[NodeJS Course Service]] {"message":"🚀 Server is running on http://localhost:5000"}
[2025-03-25T21:54:57.238+07:00][info][[NodeJS Course Service]] {"message":"✅ MongoDB Connected"}
[2025-03-25T21:55:06.630+07:00][info][[NodeJS Course Service]] {"message":"Websocket opening port 3000"}
[2025-03-25T21:55:06.632+07:00][info][[NodeJS Course Service]] {"message":"🚀 Server is running on http://localhost:5000"}
[2025-03-25T21:55:06.645+07:00][info][[NodeJS Course Service]] {"message":"✅ MongoDB Connected"}
[2025-03-25T21:55:15.096+07:00][info][[NodeJS Course Service]] {"message":"Websocket opening port 3000"}
[2025-03-25T21:55:15.099+07:00][info][[NodeJS Course Service]] {"message":"🚀 Server is running on http://localhost:5000"}
[2025-03-25T21:55:15.110+07:00][info][[NodeJS Course Service]] {"message":"✅ MongoDB Connected"}
[2025-03-25T21:55:24.623+07:00][info][[NodeJS Course Service]] {"message":"Websocket opening port 3000"}
[2025-03-25T21:55:24.626+07:00][info][[NodeJS Course Service]] {"message":"🚀 Server is running on http://localhost:5000"}
[2025-03-25T21:55:24.638+07:00][info][[NodeJS Course Service]] {"message":"✅ MongoDB Connected"}
[2025-03-25T21:55:41.468+07:00][info][[NodeJS Course Service]] {"message":"Websocket opening port 3000"}
[2025-03-25T21:55:41.473+07:00][info][[NodeJS Course Service]] {"message":"🚀 Server is running on http://localhost:5000"}
[2025-03-25T21:55:41.515+07:00][info][[NodeJS Course Service]] {"message":"✅ MongoDB Connected"}
[2025-03-25T21:56:17.818+07:00][info][[NodeJS Course Service]] {"message":"Websocket opening port 3000"}
[2025-03-25T21:56:17.820+07:00][info][[NodeJS Course Service]] {"message":"🚀 Server is running on http://localhost:5000"}
[2025-03-25T21:56:17.845+07:00][info][[NodeJS Course Service]] {"message":"✅ MongoDB Connected"}
[2025-03-25T21:57:16.686+07:00][info][[NodeJS Course Service]] {"message":"Websocket opening port 3000"}
[2025-03-25T21:57:16.691+07:00][info][[NodeJS Course Service]] {"message":"🚀 Server is running on http://localhost:5000"}
[2025-03-25T21:57:16.706+07:00][info][[NodeJS Course Service]] {"message":"✅ MongoDB Connected"}
[2025-03-25T21:59:48.278+07:00][info][[NodeJS Course Service]] {"message":"Websocket opening port 3000"}
[2025-03-25T21:59:48.281+07:00][info][[NodeJS Course Service]] {"message":"🚀 Server is running on http://localhost:5000"}
[2025-03-25T21:59:48.289+07:00][info][[NodeJS Course Service]] {"message":"✅ MongoDB Connected"}
[2025-03-25T22:06:11.750+07:00][info][[NodeJS Course Service]] {"message":"Websocket opening port 3000"}
[2025-03-25T22:06:11.753+07:00][info][[NodeJS Course Service]] {"message":"🚀 Server is running on http://localhost:5000"}
[2025-03-25T22:06:11.769+07:00][info][[NodeJS Course Service]] {"message":"✅ MongoDB Connected"}
[2025-03-25T22:09:07.310+07:00][info][[NodeJS Course Service]] {"message":"Websocket opening port 4000"}
[2025-03-25T22:09:07.312+07:00][info][[NodeJS Course Service]] {"message":"🚀 Server is running on http://localhost:5000"}
[2025-03-25T22:09:07.331+07:00][info][[NodeJS Course Service]] {"message":"✅ MongoDB Connected"}
[2025-03-25T22:10:09.815+07:00][info][[NodeJS Course Service]] {"message":"Websocket opening port 4000"}
[2025-03-25T22:10:09.817+07:00][info][[NodeJS Course Service]] {"message":"🚀 Server is running on http://localhost:5000"}
[2025-03-25T22:10:09.828+07:00][info][[NodeJS Course Service]] {"message":"✅ MongoDB Connected"}
[2025-03-25T22:10:27.170+07:00][info][[NodeJS Course Service]] {"message":"Websocket opening port 4000"}
[2025-03-25T22:10:27.175+07:00][info][[NodeJS Course Service]] {"message":"🚀 Server is running on http://localhost:5000"}
[2025-03-25T22:10:27.185+07:00][info][[NodeJS Course Service]] {"message":"✅ MongoDB Connected"}
[2025-03-25T22:10:44.847+07:00][info][[NodeJS Course Service]] {"message":"Websocket opening port 4000"}
[2025-03-25T22:10:44.849+07:00][info][[NodeJS Course Service]] {"message":"🚀 Server is running on http://localhost:5000"}
[2025-03-25T22:10:44.858+07:00][info][[NodeJS Course Service]] {"message":"✅ MongoDB Connected"}
[2025-03-25T22:11:03.863+07:00][info][[NodeJS Course Service]] {"message":"Websocket opening port 4000"}
[2025-03-25T22:11:03.865+07:00][info][[NodeJS Course Service]] {"message":"🚀 Server is running on http://localhost:5000"}
[2025-03-25T22:11:03.874+07:00][info][[NodeJS Course Service]] {"message":"✅ MongoDB Connected"}
[2025-03-25T22:11:10.735+07:00][info][[NodeJS Course Service]] {"message":"Websocket opening port 4000"}
[2025-03-25T22:11:10.739+07:00][info][[NodeJS Course Service]] {"message":"🚀 Server is running on http://localhost:5000"}
[2025-03-25T22:11:10.751+07:00][info][[NodeJS Course Service]] {"message":"✅ MongoDB Connected"}
[2025-03-25T22:14:51.148+07:00][info][[NodeJS Course Service]] {"message":"Websocket opening port 4000"}
[2025-03-25T22:14:51.150+07:00][info][[NodeJS Course Service]] {"message":"🚀 Server is running on http://localhost:5000"}
[2025-03-25T22:14:51.160+07:00][info][[NodeJS Course Service]] {"message":"✅ MongoDB Connected"}
[2025-03-25T22:16:25.799+07:00][info][[NodeJS Course Service]] {"message":"Websocket opening port 4000"}
[2025-03-25T22:16:25.802+07:00][info][[NodeJS Course Service]] {"message":"🚀 Server is running on http://localhost:5000"}
[2025-03-25T22:16:25.814+07:00][info][[NodeJS Course Service]] {"message":"✅ MongoDB Connected"}
